{
  "RSpec": {
    "coverage": {
      "/Users/Ryan/Documents/epicodus_teacher/ruby_updates/rails_record_store_with_rails7/spec/features/add_album_pages_spec.rb": {
        "lines": [
          1,
          null,
          null,
          null,
          1,
          1,
          1,
          1,
          1,
          1,
          1,
          1,
          1,
          1,
          1,
          1,
          1,
          null,
          null,
          1,
          1,
          1,
          1,
          1,
          1,
          1,
          1,
          1,
          1,
          null,
          null
        ]
      },
      "/Users/Ryan/Documents/epicodus_teacher/ruby_updates/rails_record_store_with_rails7/spec/rails_helper.rb": {
        "lines": [
          null,
          1,
          1,
          1,
          null,
          1,
          1,
          1,
          null,
          null,
          null,
          null,
          null,
          null,
          null,
          null,
          null,
          null,
          null,
          null,
          null,
          null,
          null,
          null,
          null,
          null,
          null,
          null,
          1,
          null,
          0,
          0,
          null,
          1,
          null,
          1,
          null,
          null,
          null,
          null,
          1,
          null,
          null,
          null,
          null,
          null,
          null,
          null,
          null,
          null,
          null,
          null,
          null,
          null,
          null,
          null,
          null,
          null,
          1,
          null,
          null,
          1,
          null,
          null,
          null,
          null,
          1,
          1,
          1,
          1,
          null,
          null
        ]
      },
      "/Users/Ryan/Documents/epicodus_teacher/ruby_updates/rails_record_store_with_rails7/config/environment.rb": {
        "lines": [
          null,
          1,
          null,
          null,
          1
        ]
      },
      "/Users/Ryan/Documents/epicodus_teacher/ruby_updates/rails_record_store_with_rails7/config/application.rb": {
        "lines": [
          1,
          null,
          1,
          null,
          1,
          1,
          1,
          1,
          1,
          1,
          1,
          1,
          1,
          1,
          null,
          null,
          null,
          null,
          1,
          null,
          1,
          1,
          null,
          1,
          null,
          null,
          null,
          null,
          null,
          null,
          null,
          null,
          null,
          null,
          1,
          null,
          null
        ]
      },
      "/Users/Ryan/Documents/epicodus_teacher/ruby_updates/rails_record_store_with_rails7/config/boot.rb": {
        "lines": [
          1,
          null,
          1,
          1
        ]
      },
      "/Users/Ryan/Documents/epicodus_teacher/ruby_updates/rails_record_store_with_rails7/config/environments/test.rb": {
        "lines": [
          1,
          null,
          null,
          null,
          null,
          null,
          null,
          1,
          null,
          null,
          null,
          1,
          null,
          null,
          null,
          null,
          1,
          null,
          null,
          1,
          1,
          null,
          null,
          null,
          null,
          1,
          1,
          1,
          null,
          null,
          1,
          null,
          null,
          1,
          null,
          null,
          1,
          null,
          1,
          null,
          null,
          null,
          null,
          1,
          null,
          null,
          1,
          null,
          null,
          1,
          null,
          null,
          1,
          null,
          null,
          null,
          null,
          null,
          null,
          1,
          null
        ]
      },
      "/Users/Ryan/Documents/epicodus_teacher/ruby_updates/rails_record_store_with_rails7/config/initializers/assets.rb": {
        "lines": [
          null,
          null,
          null,
          1,
          null,
          null,
          null,
          null,
          null,
          null,
          null,
          null
        ]
      },
      "/Users/Ryan/Documents/epicodus_teacher/ruby_updates/rails_record_store_with_rails7/config/initializers/content_security_policy.rb": {
        "lines": [
          null,
          null,
          null,
          null,
          null,
          null,
          null,
          null,
          null,
          null,
          null,
          null,
          null,
          null,
          null,
          null,
          null,
          null,
          null,
          null,
          null,
          null,
          null,
          null,
          null
        ]
      },
      "/Users/Ryan/Documents/epicodus_teacher/ruby_updates/rails_record_store_with_rails7/config/initializers/filter_parameter_logging.rb": {
        "lines": [
          null,
          null,
          null,
          null,
          null,
          1,
          null,
          null
        ]
      },
      "/Users/Ryan/Documents/epicodus_teacher/ruby_updates/rails_record_store_with_rails7/config/initializers/inflections.rb": {
        "lines": [
          null,
          null,
          null,
          null,
          null,
          null,
          null,
          null,
          null,
          null,
          null,
          null,
          null,
          null,
          null,
          null
        ]
      },
      "/Users/Ryan/Documents/epicodus_teacher/ruby_updates/rails_record_store_with_rails7/config/initializers/permissions_policy.rb": {
        "lines": [
          null,
          null,
          null,
          null,
          null,
          null,
          null,
          null,
          null,
          null,
          null
        ]
      },
      "/Users/Ryan/Documents/epicodus_teacher/ruby_updates/rails_record_store_with_rails7/app/controllers/albums_controller.rb": {
        "lines": [
          1,
          1,
          1,
          1,
          5,
          5,
          null,
          null,
          1,
          2,
          2,
          null,
          null,
          1,
          2,
          2,
          1,
          1,
          null,
          1,
          null,
          null,
          null,
          1,
          0,
          0,
          null,
          null,
          1,
          0,
          0,
          null,
          null,
          1,
          0,
          0,
          0,
          null,
          0,
          null,
          null,
          null,
          1,
          0,
          0,
          0,
          null,
          null,
          1,
          1,
          2,
          null,
          null,
          null
        ]
      },
      "/Users/Ryan/Documents/epicodus_teacher/ruby_updates/rails_record_store_with_rails7/app/controllers/application_controller.rb": {
        "lines": [
          1,
          1,
          1,
          null,
          1,
          24,
          20,
          null,
          null,
          null,
          1,
          4,
          0,
          0,
          null,
          null,
          null,
          1,
          0,
          0,
          0,
          null,
          null,
          null
        ]
      },
      "/Users/Ryan/Documents/epicodus_teacher/ruby_updates/rails_record_store_with_rails7/app/helpers/application_helper.rb": {
        "lines": [
          1,
          null
        ]
      },
      "/Users/Ryan/Documents/epicodus_teacher/ruby_updates/rails_record_store_with_rails7/app/controllers/sessions_controller.rb": {
        "lines": [
          null,
          1,
          1,
          2,
          2,
          2,
          2,
          2,
          null,
          0,
          0,
          null,
          null,
          null,
          1,
          0,
          0,
          0,
          null,
          null
        ]
      },
      "/Users/Ryan/Documents/epicodus_teacher/ruby_updates/rails_record_store_with_rails7/app/controllers/songs_controller.rb": {
        "lines": [
          1,
          1,
          1,
          1,
          0,
          0,
          0,
          null,
          null,
          1,
          0,
          0,
          0,
          0,
          null,
          0,
          null,
          null,
          null,
          1,
          0,
          0,
          0,
          null,
          null,
          1,
          0,
          0,
          0,
          null,
          null,
          1,
          0,
          0,
          0,
          null,
          0,
          0,
          null,
          null,
          null,
          1,
          0,
          0,
          0,
          null,
          null,
          1,
          1,
          0,
          null,
          null
        ]
      },
      "/Users/Ryan/Documents/epicodus_teacher/ruby_updates/rails_record_store_with_rails7/app/controllers/users_controller.rb": {
        "lines": [
          1,
          null,
          1,
          0,
          null,
          null,
          1,
          0,
          0,
          0,
          0,
          0,
          null,
          0,
          0,
          null,
          null,
          null,
          1,
          null,
          1,
          0,
          null,
          null
        ]
      },
      "/Users/Ryan/Documents/epicodus_teacher/ruby_updates/rails_record_store_with_rails7/app/jobs/application_job.rb": {
        "lines": [
          1,
          null,
          null,
          null,
          null,
          null,
          null
        ]
      },
      "/Users/Ryan/Documents/epicodus_teacher/ruby_updates/rails_record_store_with_rails7/app/mailers/application_mailer.rb": {
        "lines": [
          1,
          1,
          1,
          null
        ]
      },
      "/Users/Ryan/Documents/epicodus_teacher/ruby_updates/rails_record_store_with_rails7/app/models/album.rb": {
        "lines": [
          1,
          1,
          1,
          1,
          1,
          null,
          1,
          null,
          1,
          1,
          1,
          1,
          2,
          null,
          null
        ]
      },
      "/Users/Ryan/Documents/epicodus_teacher/ruby_updates/rails_record_store_with_rails7/app/models/application_record.rb": {
        "lines": [
          1,
          1,
          null
        ]
      },
      "/Users/Ryan/Documents/epicodus_teacher/ruby_updates/rails_record_store_with_rails7/app/models/artist.rb": {
        "lines": [
          1,
          1,
          null
        ]
      },
      "/Users/Ryan/Documents/epicodus_teacher/ruby_updates/rails_record_store_with_rails7/app/models/song.rb": {
        "lines": [
          1,
          1,
          1,
          null
        ]
      },
      "/Users/Ryan/Documents/epicodus_teacher/ruby_updates/rails_record_store_with_rails7/app/models/user.rb": {
        "lines": [
          1,
          1,
          1,
          1,
          1,
          null,
          1,
          0,
          0,
          null,
          null,
          1,
          2,
          2,
          2,
          null,
          null,
          null,
          null,
          null
        ]
      },
      "/Users/Ryan/Documents/epicodus_teacher/ruby_updates/rails_record_store_with_rails7/app/channels/application_cable/channel.rb": {
        "lines": [
          1,
          1,
          null,
          null
        ]
      },
      "/Users/Ryan/Documents/epicodus_teacher/ruby_updates/rails_record_store_with_rails7/app/channels/application_cable/connection.rb": {
        "lines": [
          1,
          1,
          null,
          null
        ]
      },
      "/Users/Ryan/Documents/epicodus_teacher/ruby_updates/rails_record_store_with_rails7/config/routes.rb": {
        "lines": [
          1,
          1,
          1,
          1,
          null,
          null,
          1,
          1,
          null,
          1,
          1,
          1,
          null
        ]
      },
      "/Users/Ryan/Documents/epicodus_teacher/ruby_updates/rails_record_store_with_rails7/spec/models/album_spec.rb": {
        "lines": [
          1,
          null,
          1,
          2,
          2,
          2,
          2,
          null,
          1,
          1,
          1,
          null,
          null
        ]
      },
      "/Users/Ryan/Documents/epicodus_teacher/ruby_updates/rails_record_store_with_rails7/spec/models/artist_spec.rb": {
        "lines": [
          1,
          2,
          null
        ]
      },
      "/Users/Ryan/Documents/epicodus_teacher/ruby_updates/rails_record_store_with_rails7/spec/models/song_spec.rb": {
        "lines": [
          1,
          null,
          1,
          2,
          null
        ]
      }
    },
    "timestamp": 1661199551
  }
}
